Using pre-set license
Built from '2020.2/staging' branch; Version is '2020.2.3f1 (8ff31bc5bf5b) revision 9433883'; Using compiler version '192528614'; Build Type 'Release'
OS: 'Windows 10 Home; OS build 19042.928; Version 2009; 64bit' Language: 'en' Physical Memory: 16334 MB
BatchMode: 1, IsHumanControllingUs: 0, StartBugReporterOnCrash: 0, Is64bit: 1, IsPro: 0

 COMMAND LINE ARGUMENTS:
C:\Program Files\Unity\Hub\Editor\2020.2.3f1\Editor\Unity.exe
-adb2
-batchMode
-noUpm
-name
AssetImportWorker0
-projectPath
C:/Users/Jayden Hobbs/Documents/GitHub/HobbsPlatformerProject/HobbsPlatformerProject
-logFile
Logs/AssetImportWorker0.log
-srvPort
64814
Successfully changed project path to: C:/Users/Jayden Hobbs/Documents/GitHub/HobbsPlatformerProject/HobbsPlatformerProject
C:/Users/Jayden Hobbs/Documents/GitHub/HobbsPlatformerProject/HobbsPlatformerProject
Using Asset Import Pipeline V2.
Refreshing native plugins compatible for Editor in 44.07 ms, found 0 plugins.
Preloading 0 native plugins for Editor in 0.00 ms.
Initialize engine version: 2020.2.3f1 (8ff31bc5bf5b)
[Subsystems] Discovering subsystems at path C:/Program Files/Unity/Hub/Editor/2020.2.3f1/Editor/Data/Resources/UnitySubsystems
[Subsystems] Discovering subsystems at path C:/Users/Jayden Hobbs/Documents/GitHub/HobbsPlatformerProject/HobbsPlatformerProject/Assets
GfxDevice: creating device client; threaded=0
Direct3D:
    Version:  Direct3D 11.0 [level 11.1]
    Renderer: Radeon RX 580 Series (ID=0x67df)
    Vendor:   
    VRAM:     8171 MB
    Driver:   27.20.14501.24001
Initialize mono
Mono path[0] = 'C:/Program Files/Unity/Hub/Editor/2020.2.3f1/Editor/Data/Managed'
Mono path[1] = 'C:/Program Files/Unity/Hub/Editor/2020.2.3f1/Editor/Data/MonoBleedingEdge/lib/mono/unityjit'
Mono config path = 'C:/Program Files/Unity/Hub/Editor/2020.2.3f1/Editor/Data/MonoBleedingEdge/etc'
Using monoOptions --debugger-agent=transport=dt_socket,embedding=1,server=y,suspend=n,address=127.0.0.1:56172
Begin MonoManager ReloadAssembly
Registering precompiled unity dll's ...
Register platform support module: C:/Program Files/Unity/Hub/Editor/2020.2.3f1/Editor/Data/PlaybackEngines/WindowsStandaloneSupport/UnityEditor.WindowsStandalone.Extensions.dll
Registered in 0.002508 seconds.
Native extension for WindowsStandalone target not found
Refreshing native plugins compatible for Editor in 42.46 ms, found 0 plugins.
Preloading 0 native plugins for Editor in 0.00 ms.
Invoked RoslynAnalysisRunner static constructor.
RoslynAnalysisRunner will not be running.
RoslynAnalysisRunner has terminated.
Mono: successfully reloaded assembly
- Completed reload, in  1.431 seconds
Platform modules already initialized, skipping
Registering precompiled user dll's ...
Registered in 0.001523 seconds.
Begin MonoManager ReloadAssembly
Native extension for WindowsStandalone target not found
Refreshing native plugins compatible for Editor in 0.37 ms, found 0 plugins.
Preloading 0 native plugins for Editor in 0.00 ms.
Invoked RoslynAnalysisRunner static constructor.
RoslynAnalysisRunner will not be running.
RoslynAnalysisRunner has terminated.
Mono: successfully reloaded assembly
- Completed reload, in  1.204 seconds
Platform modules already initialized, skipping
========================================================================
Worker process is ready to serve import requests
Launched and connected shader compiler UnityShaderCompiler.exe after 0.10 seconds
Refreshing native plugins compatible for Editor in 0.35 ms, found 0 plugins.
Preloading 0 native plugins for Editor in 0.00 ms.
Unloading 1659 Unused Serialized files (Serialized files now loaded: 0)
System memory in use before: 80.9 MB.
System memory in use after: 81.0 MB.

Unloading 103 unused Assets to reduce memory usage. Loaded Objects now: 2094.
Total: 2.662900 ms (FindLiveObjects: 0.211900 ms CreateObjectMapping: 0.047800 ms MarkObjects: 2.205000 ms  DeleteObjects: 0.196700 ms)

========================================================================
Received Import Request.
  path: Assets/Scripts/TeleportInteractive.cs
  artifactKey: Guid(10b9c504e6dba5d4eb5b48bcdec137c0) Importer(815301076,1909f56bfc062723c751e8b465ee728b)
Start importing Assets/Scripts/TeleportInteractive.cs using Guid(10b9c504e6dba5d4eb5b48bcdec137c0) Importer(815301076,1909f56bfc062723c751e8b465ee728b)  -> (artifact id: 'df48426eb054f2bfc010a4fe3d20c22c') in 0.054514 seconds
  Import took 0.057570 seconds .

========================================================================
Received Prepare
Registering precompiled user dll's ...
Registered in 0.001466 seconds.
Begin MonoManager ReloadAssembly
Native extension for WindowsStandalone target not found
Refreshing native plugins compatible for Editor in 0.35 ms, found 0 plugins.
Preloading 0 native plugins for Editor in 0.00 ms.
Warning: Annotation not found!
UnityEngine.StackTraceUtility:ExtractStackTrace ()
UnityEditor.ProBuilder.EditorUtility:SetGizmoIconEnabled (System.Type,bool) (at Library/PackageCache/com.unity.probuilder@4.4.0/Editor/EditorCore/EditorUtility.cs:593)
UnityEditor.ProBuilder.HierarchyListener:.cctor () (at Library/PackageCache/com.unity.probuilder@4.4.0/Editor/EditorCore/HierarchyListener.cs:21)
System.Runtime.CompilerServices.RuntimeHelpers:RunClassConstructor (System.RuntimeTypeHandle)
UnityEditor.EditorAssemblies:ProcessInitializeOnLoadAttributes (System.Type[])

[Library/PackageCache/com.unity.probuilder@4.4.0/Editor/EditorCore/EditorUtility.cs line 593]

Invoked RoslynAnalysisRunner static constructor.
RoslynAnalysisRunner will not be running.
RoslynAnalysisRunner has terminated.
Mono: successfully reloaded assembly
- Completed reload, in  1.004 seconds
Platform modules already initialized, skipping
Refreshing native plugins compatible for Editor in 0.36 ms, found 0 plugins.
Preloading 0 native plugins for Editor in 0.00 ms.
Unloading 1619 Unused Serialized files (Serialized files now loaded: 0)
System memory in use before: 78.0 MB.
System memory in use after: 78.1 MB.

Unloading 7 unused Assets to reduce memory usage. Loaded Objects now: 2097.
Total: 2.598800 ms (FindLiveObjects: 0.233600 ms CreateObjectMapping: 0.050600 ms MarkObjects: 2.239500 ms  DeleteObjects: 0.073600 ms)

========================================================================
Received Import Request.
  Time since last request: 31.949557 seconds.
  path: Assets/Scripts/TeleportInteractive.cs
  artifactKey: Guid(10b9c504e6dba5d4eb5b48bcdec137c0) Importer(815301076,1909f56bfc062723c751e8b465ee728b)
Start importing Assets/Scripts/TeleportInteractive.cs using Guid(10b9c504e6dba5d4eb5b48bcdec137c0) Importer(815301076,1909f56bfc062723c751e8b465ee728b)  -> (artifact id: '051bfe313aff881f65000b6e4e753e23') in 0.006167 seconds
  Import took 0.009175 seconds .

========================================================================
Received Prepare
Registering precompiled user dll's ...
Registered in 0.001569 seconds.
Begin MonoManager ReloadAssembly
Native extension for WindowsStandalone target not found
Refreshing native plugins compatible for Editor in 0.35 ms, found 0 plugins.
Preloading 0 native plugins for Editor in 0.00 ms.
Warning: Annotation not found!
UnityEngine.StackTraceUtility:ExtractStackTrace ()
UnityEditor.ProBuilder.EditorUtility:SetGizmoIconEnabled (System.Type,bool) (at Library/PackageCache/com.unity.probuilder@4.4.0/Editor/EditorCore/EditorUtility.cs:593)
UnityEditor.ProBuilder.HierarchyListener:.cctor () (at Library/PackageCache/com.unity.probuilder@4.4.0/Editor/EditorCore/HierarchyListener.cs:21)
System.Runtime.CompilerServices.RuntimeHelpers:RunClassConstructor (System.RuntimeTypeHandle)
UnityEditor.EditorAssemblies:ProcessInitializeOnLoadAttributes (System.Type[])

[Library/PackageCache/com.unity.probuilder@4.4.0/Editor/EditorCore/EditorUtility.cs line 593]

Invoked RoslynAnalysisRunner static constructor.
RoslynAnalysisRunner will not be running.
RoslynAnalysisRunner has terminated.
Mono: successfully reloaded assembly
- Completed reload, in  1.017 seconds
Platform modules already initialized, skipping
Refreshing native plugins compatible for Editor in 0.39 ms, found 0 plugins.
Preloading 0 native plugins for Editor in 0.00 ms.
Unloading 1618 Unused Serialized files (Serialized files now loaded: 0)
System memory in use before: 78.0 MB.
System memory in use after: 78.1 MB.

Unloading 7 unused Assets to reduce memory usage. Loaded Objects now: 2099.
Total: 2.652300 ms (FindLiveObjects: 0.285900 ms CreateObjectMapping: 0.055800 ms MarkObjects: 2.231700 ms  DeleteObjects: 0.077900 ms)

========================================================================
Received Import Request.
  Time since last request: 1720.275088 seconds.
  path: Assets/Scenes/Level 1.unity
  artifactKey: Guid(f5906a474145bde4d82ad85ff36e8e61) Importer(815301076,1909f56bfc062723c751e8b465ee728b)
Start importing Assets/Scenes/Level 1.unity using Guid(f5906a474145bde4d82ad85ff36e8e61) Importer(815301076,1909f56bfc062723c751e8b465ee728b)  -> (artifact id: 'b0a82c14dacd8f1355f406a3b6438467') in 0.012150 seconds
  Import took 0.037313 seconds .

========================================================================
Received Import Request.
  Time since last request: 26.008437 seconds.
  path: Assets/Scenes/Level 2.unity
  artifactKey: Guid(762a59f3648b21a46a45805b6ac3725a) Importer(815301076,1909f56bfc062723c751e8b465ee728b)
Start importing Assets/Scenes/Level 2.unity using Guid(762a59f3648b21a46a45805b6ac3725a) Importer(815301076,1909f56bfc062723c751e8b465ee728b)  -> (artifact id: '8a6c09dabcdfc8e8ac3b727b987d3442') in 0.009249 seconds
  Import took 0.012495 seconds .

========================================================================
Received Import Request.
  Time since last request: 0.000866 seconds.
  path: Assets/Scenes/Level 2.unity
  artifactKey: Guid(762a59f3648b21a46a45805b6ac3725a) Importer(815301076,1909f56bfc062723c751e8b465ee728b)
Start importing Assets/Scenes/Level 2.unity using Guid(762a59f3648b21a46a45805b6ac3725a) Importer(815301076,1909f56bfc062723c751e8b465ee728b)  -> (artifact id: '8a6c09dabcdfc8e8ac3b727b987d3442') in 0.003581 seconds
  Import took 0.006684 seconds .

========================================================================
Received Import Request.
  Time since last request: 0.565872 seconds.
  path: Assets/Scenes/Level 3.unity
  artifactKey: Guid(20a3d731f830dd64f95a18ad38181a41) Importer(815301076,1909f56bfc062723c751e8b465ee728b)
Start importing Assets/Scenes/Level 3.unity using Guid(20a3d731f830dd64f95a18ad38181a41) Importer(815301076,1909f56bfc062723c751e8b465ee728b)  -> (artifact id: '120955ae92f830d7f5c30f76610756dc') in 0.008222 seconds
  Import took 0.011593 seconds .

========================================================================
Received Import Request.
  Time since last request: 0.000425 seconds.
  path: Assets/Scenes/Level 3.unity
  artifactKey: Guid(20a3d731f830dd64f95a18ad38181a41) Importer(815301076,1909f56bfc062723c751e8b465ee728b)
Start importing Assets/Scenes/Level 3.unity using Guid(20a3d731f830dd64f95a18ad38181a41) Importer(815301076,1909f56bfc062723c751e8b465ee728b)  -> (artifact id: '120955ae92f830d7f5c30f76610756dc') in 0.003354 seconds
  Import took 0.006808 seconds .

========================================================================
Received Import Request.
  Time since last request: 53.265851 seconds.
  path: Assets/Scenes/Level 1.unity
  artifactKey: Guid(f5906a474145bde4d82ad85ff36e8e61) Importer(815301076,1909f56bfc062723c751e8b465ee728b)
Start importing Assets/Scenes/Level 1.unity using Guid(f5906a474145bde4d82ad85ff36e8e61) Importer(815301076,1909f56bfc062723c751e8b465ee728b)  -> (artifact id: '930b0cee2f3ec8b11146eb823a8a4117') in 0.003147 seconds
  Import took 0.006203 seconds .

========================================================================
Received Import Request.
  Time since last request: 0.011581 seconds.
  path: Assets/Scenes/Level 1.unity
  artifactKey: Guid(f5906a474145bde4d82ad85ff36e8e61) Importer(815301076,1909f56bfc062723c751e8b465ee728b)
Start importing Assets/Scenes/Level 1.unity using Guid(f5906a474145bde4d82ad85ff36e8e61) Importer(815301076,1909f56bfc062723c751e8b465ee728b)  -> (artifact id: '930b0cee2f3ec8b11146eb823a8a4117') in 0.003624 seconds
  Import took 0.006717 seconds .

========================================================================
Received Prepare
Registering precompiled user dll's ...
Registered in 0.001572 seconds.
Begin MonoManager ReloadAssembly
Native extension for WindowsStandalone target not found
Refreshing native plugins compatible for Editor in 0.35 ms, found 0 plugins.
Preloading 0 native plugins for Editor in 0.00 ms.
Warning: Annotation not found!
UnityEngine.StackTraceUtility:ExtractStackTrace ()
UnityEditor.ProBuilder.EditorUtility:SetGizmoIconEnabled (System.Type,bool) (at Library/PackageCache/com.unity.probuilder@4.4.0/Editor/EditorCore/EditorUtility.cs:593)
UnityEditor.ProBuilder.HierarchyListener:.cctor () (at Library/PackageCache/com.unity.probuilder@4.4.0/Editor/EditorCore/HierarchyListener.cs:21)
System.Runtime.CompilerServices.RuntimeHelpers:RunClassConstructor (System.RuntimeTypeHandle)
UnityEditor.EditorAssemblies:ProcessInitializeOnLoadAttributes (System.Type[])

[Library/PackageCache/com.unity.probuilder@4.4.0/Editor/EditorCore/EditorUtility.cs line 593]

Invoked RoslynAnalysisRunner static constructor.
RoslynAnalysisRunner will not be running.
RoslynAnalysisRunner has terminated.
Mono: successfully reloaded assembly
- Completed reload, in  0.987 seconds
Platform modules already initialized, skipping
Refreshing native plugins compatible for Editor in 0.49 ms, found 0 plugins.
Preloading 0 native plugins for Editor in 0.00 ms.
Unloading 1618 Unused Serialized files (Serialized files now loaded: 0)
System memory in use before: 78.0 MB.
System memory in use after: 78.1 MB.

Unloading 7 unused Assets to reduce memory usage. Loaded Objects now: 2101.
Total: 2.461600 ms (FindLiveObjects: 0.190800 ms CreateObjectMapping: 0.046800 ms MarkObjects: 2.148100 ms  DeleteObjects: 0.074500 ms)

========================================================================
Received Import Request.
  Time since last request: 48.744058 seconds.
  path: Assets/Scenes/Level 1.unity
  artifactKey: Guid(f5906a474145bde4d82ad85ff36e8e61) Importer(815301076,1909f56bfc062723c751e8b465ee728b)
Start importing Assets/Scenes/Level 1.unity using Guid(f5906a474145bde4d82ad85ff36e8e61) Importer(815301076,1909f56bfc062723c751e8b465ee728b)  -> (artifact id: '1aafaadf42101344cd92db369e7495cd') in 0.006830 seconds
  Import took 0.009947 seconds .

========================================================================
Received Prepare
Registering precompiled user dll's ...
Registered in 0.001578 seconds.
Begin MonoManager ReloadAssembly
Native extension for WindowsStandalone target not found
Refreshing native plugins compatible for Editor in 0.40 ms, found 0 plugins.
Preloading 0 native plugins for Editor in 0.00 ms.
Warning: Annotation not found!
UnityEngine.StackTraceUtility:ExtractStackTrace ()
UnityEditor.ProBuilder.EditorUtility:SetGizmoIconEnabled (System.Type,bool) (at Library/PackageCache/com.unity.probuilder@4.4.0/Editor/EditorCore/EditorUtility.cs:593)
UnityEditor.ProBuilder.HierarchyListener:.cctor () (at Library/PackageCache/com.unity.probuilder@4.4.0/Editor/EditorCore/HierarchyListener.cs:21)
System.Runtime.CompilerServices.RuntimeHelpers:RunClassConstructor (System.RuntimeTypeHandle)
UnityEditor.EditorAssemblies:ProcessInitializeOnLoadAttributes (System.Type[])

[Library/PackageCache/com.unity.probuilder@4.4.0/Editor/EditorCore/EditorUtility.cs line 593]

Invoked RoslynAnalysisRunner static constructor.
RoslynAnalysisRunner will not be running.
RoslynAnalysisRunner has terminated.
Mono: successfully reloaded assembly
- Completed reload, in  1.005 seconds
Platform modules already initialized, skipping
Refreshing native plugins compatible for Editor in 0.35 ms, found 0 plugins.
Preloading 0 native plugins for Editor in 0.00 ms.
Unloading 1618 Unused Serialized files (Serialized files now loaded: 0)
System memory in use before: 78.0 MB.
System memory in use after: 78.1 MB.

Unloading 7 unused Assets to reduce memory usage. Loaded Objects now: 2103.
Total: 2.548400 ms (FindLiveObjects: 0.202500 ms CreateObjectMapping: 0.045100 ms MarkObjects: 2.220300 ms  DeleteObjects: 0.079200 ms)

